2025-03-16 16:12:59.9849|INFO|PLCCommunication_API.Controllers.S7Controller|获取所有的S7配置-获取一次所有的S7配置2025/3/16 16:12:59 
2025-03-16 16:13:12.6223|INFO|PLCCommunication_API.Controllers.S7Controller|获取所有的S7配置-获取一次所有的S7配置2025/3/16 16:13:12 
2025-03-16 16:14:21.6366|INFO|PLCCommunication_API.Controllers.S7Controller|获取所有的S7配置-获取一次所有的S7配置2025/3/16 16:14:21 
2025-03-16 16:19:32.0647|INFO|PLCCommunication_API.Controllers.S7Controller|获取所有的S7配置-获取一次所有的S7配置2025/3/16 16:19:32 
2025-03-16 16:23:30.2577|INFO|PLCCommunication_API.Controllers.S7Controller|获取所有的S7配置-获取一次所有的S7配置2025/3/16 16:23:30 
2025-03-16 16:26:10.2604|INFO|PLCCommunication_API.Controllers.S7Controller|获取所有的S7配置-获取一次所有的S7配置2025/3/16 16:26:10 
2025-03-16 16:26:15.5684|INFO|PLCCommunication_API.Controllers.S7Controller|获取所有的S7配置-获取一次所有的S7配置2025/3/16 16:26:15 
2025-03-16 16:26:17.1578|INFO|PLCCommunication_API.Controllers.S7Controller|获取所有的S7配置-获取一次所有的S7配置2025/3/16 16:26:17 
2025-03-16 16:26:43.5600|INFO|PLCCommunication_API.Controllers.S7Controller|获取所有的S7配置-获取一次所有的S7配置2025/3/16 16:26:43 
2025-03-16 16:26:47.6846|INFO|PLCCommunication_API.Controllers.S7Controller|获取所有的S7配置-获取一次所有的S7配置2025/3/16 16:26:47 
2025-03-16 16:26:49.2836|INFO|PLCCommunication_API.Controllers.S7Controller|获取所有的S7配置-获取一次所有的S7配置2025/3/16 16:26:49 
2025-03-16 16:28:12.3041|INFO|PLCCommunication_API.Controllers.S7Controller|获取所有的S7配置-获取一次所有的S7配置2025/3/16 16:28:12 
2025-03-16 16:28:23.6090|INFO|PLCCommunication_API.Controllers.S7Controller|获取所有的S7配置-获取一次所有的S7配置2025/3/16 16:28:23 
2025-03-16 16:29:39.7387|INFO|PLCCommunication_API.Controllers.S7Controller|获取所有的S7配置-获取一次所有的S7配置2025/3/16 16:29:39 
2025-03-16 16:29:52.2767|INFO|PLCCommunication_API.Controllers.S7Controller|获取所有的S7配置-获取一次所有的S7配置2025/3/16 16:29:52 
2025-03-16 16:30:01.7927|INFO|PLCCommunication_API.Controllers.S7Controller|获取所有的S7配置-获取一次所有的S7配置2025/3/16 16:30:01 
2025-03-16 16:30:55.5686|INFO|PLCCommunication_API.Controllers.S7Controller|获取所有的S7配置-获取一次所有的S7配置2025/3/16 16:30:55 
2025-03-16 16:30:58.0204|INFO|PLCCommunication_API.Controllers.S7Controller|获取所有的S7配置-获取一次所有的S7配置2025/3/16 16:30:58 
2025-03-16 16:31:02.7305|INFO|PLCCommunication_API.Controllers.S7Controller|获取所有的S7配置-获取一次所有的S7配置2025/3/16 16:31:02 
2025-03-16 16:31:30.3566|INFO|PLCCommunication_API.Controllers.S7Controller|获取所有的S7配置-获取一次所有的S7配置2025/3/16 16:31:30 
2025-03-16 16:52:29.0909|INFO|PLCCommunication_API.Controllers.S7Controller|获取所有的S7配置-获取一次所有的S7配置2025/3/16 16:52:29 
2025-03-16 17:02:46.8834|INFO|PLCCommunication_API.Controllers.S7Controller|获取所有的S7配置-获取一次所有的S7配置2025/3/16 17:02:46 
2025-03-16 17:02:48.2998|INFO|PLCCommunication_API.Controllers.S7Controller|获取所有的S7配置-获取一次所有的S7配置2025/3/16 17:02:48 
2025-03-16 17:02:49.6610|INFO|PLCCommunication_API.Controllers.S7Controller|获取所有的S7配置-获取一次所有的S7配置2025/3/16 17:02:49 
2025-03-16 17:02:52.0738|INFO|PLCCommunication_API.Controllers.S7Controller|获取所有的S7配置-获取一次所有的S7配置2025/3/16 17:02:52 
2025-03-16 17:13:55.7756|INFO|PLCCommunication_API.Controllers.S7Controller|获取所有的S7配置-获取一次所有的S7配置2025/3/16 17:13:55 
2025-03-16 17:14:53.9758|INFO|PLCCommunication_API.Controllers.S7Controller|获取所有的S7配置-获取一次所有的S7配置2025/3/16 17:14:53 
2025-03-16 17:15:07.0789|INFO|PLCCommunication_API.Controllers.S7Controller|获取所有的S7配置-获取一次所有的S7配置2025/3/16 17:15:07 
2025-03-16 17:15:16.0143|INFO|PLCCommunication_API.Controllers.S7Controller|获取所有的S7配置-获取一次所有的S7配置2025/3/16 17:15:16 
2025-03-16 17:15:39.7077|INFO|PLCCommunication_API.Controllers.S7Controller|获取所有的S7配置-获取一次所有的S7配置2025/3/16 17:15:39 
2025-03-16 17:16:58.3438|INFO|PLCCommunication_API.Controllers.S7Controller|获取所有的S7配置-获取一次所有的S7配置2025/3/16 17:16:58 
2025-03-16 17:20:53.2993|INFO|PLCCommunication_API.Controllers.S7Controller|获取所有的S7配置-获取一次所有的S7配置2025/3/16 17:20:53 
2025-03-16 17:22:12.3078|INFO|PLCCommunication_API.Controllers.S7Controller|获取所有的S7配置-获取一次所有的S7配置2025/3/16 17:22:12 
2025-03-16 17:23:17.9572|INFO|PLCCommunication_API.Controllers.S7Controller|获取所有的S7配置-获取一次所有的S7配置2025/3/16 17:23:17 
2025-03-16 17:28:50.0705|INFO|PLCCommunication_API.Controllers.S7Controller|获取所有的S7配置-获取一次所有的S7配置2025/3/16 17:28:50 
2025-03-16 17:28:55.9889|INFO|PLCCommunication_API.Controllers.S7Controller|获取所有的S7配置-获取一次所有的S7配置2025/3/16 17:28:55 
2025-03-16 17:32:00.8773|INFO|PLCCommunication_API.Controllers.S7Controller|获取所有的S7配置-获取一次所有的S7配置2025/3/16 17:32:00 
2025-03-16 17:32:06.9901|INFO|PLCCommunication_API.Controllers.S7Controller|获取所有的S7配置-获取一次所有的S7配置2025/3/16 17:32:06 
2025-03-16 17:33:26.8609|INFO|PLCCommunication_API.Controllers.S7Controller|获取所有的S7配置-获取一次所有的S7配置2025/3/16 17:33:26 
2025-03-16 17:39:35.6591|INFO|PLCCommunication_API.Controllers.S7Controller|获取所有的S7配置-获取一次所有的S7配置2025/3/16 17:39:35 
2025-03-16 17:47:50.7779|INFO|PLCCommunication_API.Controllers.S7Controller|获取所有的S7配置-获取一次所有的S7配置2025/3/16 17:47:50 
2025-03-16 17:47:53.0534|INFO|PLCCommunication_API.Controllers.S7Controller|获取所有的S7配置-获取一次所有的S7配置2025/3/16 17:47:53 
2025-03-16 17:58:06.5123|INFO|PLCCommunication_API.Controllers.S7Controller|获取所有的S7配置-获取一次所有的S7配置2025/3/16 17:58:06 
2025-03-16 17:58:28.4347|INFO|PLCCommunication_API.Controllers.S7Controller|获取所有的S7配置-获取一次所有的S7配置2025/3/16 17:58:28 
2025-03-16 17:58:35.1783|INFO|PLCCommunication_API.Controllers.S7Controller|获取所有的S7配置-获取一次所有的S7配置2025/3/16 17:58:35 
2025-03-16 17:59:35.4045|INFO|PLCCommunication_API.Controllers.S7Controller|获取所有的S7配置-获取一次所有的S7配置2025/3/16 17:59:35 
2025-03-16 17:59:48.2103|INFO|PLCCommunication_API.Controllers.S7Controller|获取所有的S7配置-获取一次所有的S7配置2025/3/16 17:59:48 
2025-03-16 18:00:18.3909|INFO|PLCCommunication_API.Controllers.S7Controller|获取所有的S7配置-获取一次所有的S7配置2025/3/16 18:00:18 
2025-03-16 18:01:30.2110|INFO|PLCCommunication_API.Controllers.S7Controller|获取所有的S7配置-获取一次所有的S7配置2025/3/16 18:01:30 
2025-03-16 18:01:33.6764|INFO|PLCCommunication_API.Controllers.S7Controller|获取所有的S7配置-获取一次所有的S7配置2025/3/16 18:01:33 
2025-03-16 18:02:27.0795|INFO|PLCCommunication_API.Controllers.S7Controller|获取所有的S7配置-获取一次所有的S7配置2025/3/16 18:02:27 
2025-03-16 18:02:33.0547|INFO|PLCCommunication_API.Controllers.S7Controller|获取所有的S7配置-获取一次所有的S7配置2025/3/16 18:02:33 
2025-03-16 18:02:44.0712|INFO|PLCCommunication_API.Controllers.S7Controller|获取所有的S7配置-获取一次所有的S7配置2025/3/16 18:02:44 
2025-03-16 18:08:05.7089|INFO|PLCCommunication_API.Controllers.S7Controller|获取所有的S7配置-获取一次所有的S7配置2025/3/16 18:08:05 
2025-03-16 18:08:44.4782|WARN|PLCCommunication_API.Controllers.S7Controller|新增S7配置-将要新增的配置名test2已存在！！配置不能重名！ 
2025-03-16 18:08:45.1875|WARN|PLCCommunication_API.Controllers.S7Controller|新增S7配置-将要新增的配置名test2已存在！！配置不能重名！ 
2025-03-16 18:08:45.4451|WARN|PLCCommunication_API.Controllers.S7Controller|新增S7配置-将要新增的配置名test2已存在！！配置不能重名！ 
2025-03-16 18:08:45.6448|WARN|PLCCommunication_API.Controllers.S7Controller|新增S7配置-将要新增的配置名test2已存在！！配置不能重名！ 
2025-03-16 18:09:02.3817|WARN|PLCCommunication_API.Controllers.S7Controller|新增S7配置-将要新增的配置名test2已存在！！配置不能重名！ 
2025-03-16 18:09:02.8443|WARN|PLCCommunication_API.Controllers.S7Controller|新增S7配置-将要新增的配置名test2已存在！！配置不能重名！ 
2025-03-16 18:09:03.0675|WARN|PLCCommunication_API.Controllers.S7Controller|新增S7配置-将要新增的配置名test2已存在！！配置不能重名！ 
2025-03-16 18:09:03.2777|WARN|PLCCommunication_API.Controllers.S7Controller|新增S7配置-将要新增的配置名test2已存在！！配置不能重名！ 
2025-03-16 18:09:03.4672|WARN|PLCCommunication_API.Controllers.S7Controller|新增S7配置-将要新增的配置名test2已存在！！配置不能重名！ 
2025-03-16 18:09:03.6760|WARN|PLCCommunication_API.Controllers.S7Controller|新增S7配置-将要新增的配置名test2已存在！！配置不能重名！ 
2025-03-16 18:09:03.8809|WARN|PLCCommunication_API.Controllers.S7Controller|新增S7配置-将要新增的配置名test2已存在！！配置不能重名！ 
2025-03-16 18:09:04.0656|WARN|PLCCommunication_API.Controllers.S7Controller|新增S7配置-将要新增的配置名test2已存在！！配置不能重名！ 
2025-03-16 18:09:04.2559|WARN|PLCCommunication_API.Controllers.S7Controller|新增S7配置-将要新增的配置名test2已存在！！配置不能重名！ 
2025-03-16 18:09:04.4457|WARN|PLCCommunication_API.Controllers.S7Controller|新增S7配置-将要新增的配置名test2已存在！！配置不能重名！ 
2025-03-16 18:09:04.6251|WARN|PLCCommunication_API.Controllers.S7Controller|新增S7配置-将要新增的配置名test2已存在！！配置不能重名！ 
2025-03-16 18:09:04.9293|WARN|PLCCommunication_API.Controllers.S7Controller|新增S7配置-将要新增的配置名test2已存在！！配置不能重名！ 
2025-03-16 18:09:15.4348|WARN|PLCCommunication_API.Controllers.S7Controller|新增S7配置-将要新增的配置名test2已存在！！配置不能重名！ 
2025-03-16 18:09:15.8541|WARN|PLCCommunication_API.Controllers.S7Controller|新增S7配置-将要新增的配置名test2已存在！！配置不能重名！ 
2025-03-16 18:09:16.0479|WARN|PLCCommunication_API.Controllers.S7Controller|新增S7配置-将要新增的配置名test2已存在！！配置不能重名！ 
2025-03-16 18:09:19.6383|INFO|PLCCommunication_API.Controllers.S7Controller|获取所有的S7配置-获取一次所有的S7配置2025/3/16 18:09:19 
2025-03-16 18:10:09.9502|WARN|PLCCommunication_API.Controllers.S7Controller|新增S7配置-将要新增的配置名test1已存在！！配置不能重名！ 
2025-03-16 18:11:26.6312|INFO|PLCCommunication_API.Controllers.S7Controller|获取所有的S7配置-获取一次所有的S7配置2025/3/16 18:11:26 
2025-03-16 18:11:58.3063|INFO|PLCCommunication_API.Controllers.S7Controller|获取所有的S7配置-获取一次所有的S7配置2025/3/16 18:11:58 
2025-03-16 18:13:39.0231|INFO|PLCCommunication_API.Controllers.S7Controller|获取所有的S7配置-获取一次所有的S7配置2025/3/16 18:13:39 
2025-03-16 18:14:14.1773|INFO|PLCCommunication_API.Controllers.S7Controller|获取所有的S7配置-获取一次所有的S7配置2025/3/16 18:14:14 
2025-03-16 18:15:27.6913|INFO|PLCCommunication_API.Controllers.S7Controller|获取所有的S7配置-获取一次所有的S7配置2025/3/16 18:15:27 
2025-03-16 18:15:39.9303|INFO|PLCCommunication_API.Controllers.S7Controller|获取所有的S7配置-获取一次所有的S7配置2025/3/16 18:15:39 
2025-03-16 18:16:16.0706|INFO|PLCCommunication_API.Controllers.S7Controller|获取所有的S7配置-获取一次所有的S7配置2025/3/16 18:16:16 
2025-03-16 20:15:56.3574|INFO|PLCCommunication_API.Controllers.S7Controller|获取所有的S7配置-获取一次所有的S7配置2025/3/16 20:15:56 
2025-03-16 20:17:28.9838|INFO|PLCCommunication_API.Controllers.S7Controller|获取所有的S7配置-获取一次所有的S7配置2025/3/16 20:17:28 
2025-03-16 20:22:29.0697|INFO|PLCCommunication_API.Controllers.S7Controller|获取所有的S7配置-获取一次所有的S7配置2025/3/16 20:22:29 
2025-03-16 20:23:45.0833|INFO|PLCCommunication_API.Controllers.S7Controller|获取所有的S7配置-获取一次所有的S7配置2025/3/16 20:23:45 
2025-03-16 21:06:55.0386|INFO|Microsoft.Hosting.Lifetime|Now listening on: http://localhost:8888 
2025-03-16 21:06:55.0570|INFO|Microsoft.Hosting.Lifetime|Now listening on: https://localhost:8899 
2025-03-16 21:06:55.1045|INFO|Microsoft.Hosting.Lifetime|Application started. Press Ctrl+C to shut down. 
2025-03-16 21:06:55.1045|INFO|Microsoft.Hosting.Lifetime|Hosting environment: Development 
2025-03-16 21:06:55.1045|INFO|Microsoft.Hosting.Lifetime|Content root path: E:\Code\前后端分离\WCS(PLCcommunication) v2.0\PLCCommunicationAPI\PLCCommunicationAPI 
2025-03-16 21:08:48.8749|INFO|PLCCommunication_API.Controllers.S7Controller|删除配置名为1的S7配置成功！ 
2025-03-16 21:10:31.2467|INFO|PLCCommunication_API.Controllers.S7Controller|删除配置名为1的S7配置成功！ 
2025-03-16 21:24:55.5274|INFO|Microsoft.Hosting.Lifetime|Now listening on: http://localhost:8888 
2025-03-16 21:24:55.5520|INFO|Microsoft.Hosting.Lifetime|Now listening on: https://localhost:8899 
2025-03-16 21:24:55.6233|INFO|Microsoft.Hosting.Lifetime|Application started. Press Ctrl+C to shut down. 
2025-03-16 21:24:55.6239|INFO|Microsoft.Hosting.Lifetime|Hosting environment: Development 
2025-03-16 21:24:55.6239|INFO|Microsoft.Hosting.Lifetime|Content root path: E:\Code\前后端分离\WCS(PLCcommunication) v2.0\PLCCommunicationAPI\PLCCommunicationAPI 
2025-03-16 21:26:22.5236|WARN|PLCCommunication_API.Controllers.S7Controller|根据id删除-删除配置名为1的S7配置失败！ 
2025-03-16 21:29:15.6276|INFO|PLCCommunication_API.Controllers.S7Controller|删除配置名为1的S7配置成功！ 
2025-03-16 21:33:41.5834|INFO|Microsoft.Hosting.Lifetime|Now listening on: http://localhost:8888 
2025-03-16 21:33:41.6085|INFO|Microsoft.Hosting.Lifetime|Now listening on: https://localhost:8899 
2025-03-16 21:33:41.6536|INFO|Microsoft.Hosting.Lifetime|Application started. Press Ctrl+C to shut down. 
2025-03-16 21:33:41.6536|INFO|Microsoft.Hosting.Lifetime|Hosting environment: Development 
2025-03-16 21:33:41.6536|INFO|Microsoft.Hosting.Lifetime|Content root path: E:\Code\前后端分离\WCS(PLCcommunication) v2.0\PLCCommunicationAPI\PLCCommunicationAPI 
2025-03-16 21:34:35.4624|INFO|PLCCommunication_API.Controllers.S7Controller|获取所有的S7配置-获取一次所有的S7配置2025/3/16 21:34:35 
2025-03-16 21:45:42.9502|INFO|Microsoft.Hosting.Lifetime|Now listening on: http://localhost:8888 
2025-03-16 21:45:42.9677|INFO|Microsoft.Hosting.Lifetime|Now listening on: https://localhost:8899 
2025-03-16 21:45:43.0153|INFO|Microsoft.Hosting.Lifetime|Application started. Press Ctrl+C to shut down. 
2025-03-16 21:45:43.0153|INFO|Microsoft.Hosting.Lifetime|Hosting environment: Development 
2025-03-16 21:45:43.0153|INFO|Microsoft.Hosting.Lifetime|Content root path: E:\Code\前后端分离\WCS(PLCcommunication) v2.0\PLCCommunicationAPI\PLCCommunicationAPI 
2025-03-16 21:47:40.4553|INFO|PLCCommunication_API.Controllers.S7Controller|删除配置名为2的S7配置成功！ 
2025-03-16 21:47:57.1475|WARN|PLCCommunication_API.Controllers.S7Controller|根据id删除-删除失败，不存在id为5的S7配置 
2025-03-16 22:06:16.2558|INFO|PLCCommunication_API.Controllers.S7Controller|删除配置名为3的S7配置成功！ 
2025-03-16 22:06:23.0384|INFO|PLCCommunication_API.Controllers.S7Controller|删除配置名为测试的S7配置成功！ 
2025-03-16 22:06:25.6414|INFO|PLCCommunication_API.Controllers.S7Controller|删除配置名为5的S7配置成功！ 
2025-03-16 22:09:06.7994|INFO|PLCCommunication_API.Controllers.S7Controller|获取所有的S7配置-获取一次所有的S7配置2025/3/16 22:09:06 
2025-03-16 22:10:38.5986|INFO|PLCCommunication_API.Controllers.S7Controller|获取所有的S7配置-获取一次所有的S7配置2025/3/16 22:10:38 
2025-03-16 22:11:49.9196|INFO|PLCCommunication_API.Controllers.S7Controller|获取所有的S7配置-获取一次所有的S7配置2025/3/16 22:11:49 
2025-03-16 22:42:27.3315|INFO|PLCCommunication_API.Controllers.S7Controller|获取所有的S7配置-获取一次所有的S7配置2025/3/16 22:42:27 
2025-03-16 22:43:39.3215|INFO|PLCCommunication_API.Controllers.S7Controller|删除配置名为5的S7配置成功！ 
2025-03-16 22:46:07.8073|INFO|PLCCommunication_API.Controllers.S7Controller|获取所有的S7配置-获取一次所有的S7配置2025/3/16 22:46:07 
2025-03-16 22:53:03.5273|INFO|PLCCommunication_API.Controllers.S7Controller|获取所有的S7配置-获取一次所有的S7配置2025/3/16 22:53:03 
2025-03-16 22:59:38.6578|INFO|PLCCommunication_API.Controllers.S7Controller|获取所有的S7配置-获取一次所有的S7配置2025/3/16 22:59:38 
2025-03-16 23:01:19.4268|INFO|PLCCommunication_API.Controllers.S7Controller|获取所有的S7配置-获取一次所有的S7配置2025/3/16 23:01:19 
2025-03-16 23:14:54.8185|INFO|PLCCommunication_API.Controllers.S7Controller|获取所有的S7配置-获取一次所有的S7配置2025/3/16 23:14:54 
2025-03-16 23:21:14.6664|INFO|PLCCommunication_API.Controllers.S7Controller|获取所有的S7配置-获取一次所有的S7配置2025/3/16 23:21:14 
2025-03-16 23:21:32.8446|INFO|PLCCommunication_API.Controllers.S7Controller|删除配置名为1的S7配置成功！ 
2025-03-16 23:21:47.0728|INFO|PLCCommunication_API.Controllers.S7Controller|获取所有的S7配置-获取一次所有的S7配置2025/3/16 23:21:47 
2025-03-16 23:22:01.0248|INFO|PLCCommunication_API.Controllers.S7Controller|删除配置名为2的S7配置成功！ 
2025-03-16 23:22:14.2804|INFO|PLCCommunication_API.Controllers.S7Controller|删除配置名为3的S7配置成功！ 
2025-03-16 23:22:14.2804|INFO|PLCCommunication_API.Controllers.S7Controller|删除配置名为测试的S7配置成功！ 
2025-03-16 23:22:14.2972|INFO|PLCCommunication_API.Controllers.S7Controller|删除配置名为5的S7配置成功！ 
2025-03-16 23:26:18.2562|INFO|PLCCommunication_API.Controllers.S7Controller|获取所有的S7配置-获取一次所有的S7配置2025/3/16 23:26:18 
2025-03-16 23:33:11.7333|INFO|PLCCommunication_API.Controllers.S7Controller|获取所有的S7配置-获取一次所有的S7配置2025/3/16 23:33:11 
2025-03-16 23:33:45.7743|INFO|PLCCommunication_API.Controllers.S7Controller|获取所有的S7配置-获取一次所有的S7配置2025/3/16 23:33:45 
2025-03-16 23:33:50.7613|INFO|PLCCommunication_API.Controllers.S7Controller|获取所有的S7配置-获取一次所有的S7配置2025/3/16 23:33:50 
2025-03-16 23:36:26.3547|INFO|PLCCommunication_API.Controllers.S7Controller|获取所有的S7配置-获取一次所有的S7配置2025/3/16 23:36:26 
2025-03-16 23:36:35.0824|INFO|PLCCommunication_API.Controllers.S7Controller|删除配置名为5的S7配置成功！ 
